<?xml version="1.0" encoding="UTF-8"?>
<testsuite xmlns:xsi="http://www.w3.org/2001/XMLSchema-instance" xsi:noNamespaceSchemaLocation="https://maven.apache.org/surefire/maven-surefire-plugin/xsd/surefire-test-report.xsd" version="3.0.2" name="com.example.configserver.ConfigServerApplicationTests" time="6.242" tests="1" errors="0" skipped="0" failures="0">
  <properties>
[...]
</properties>
  <testcase name="contextLoads" classname="com.example.configserver.ConfigServerApplicationTests" time="0.613">
    <system-out><![CDATA[21:39:21.215 [main] INFO org.springframework.test.context.support.AnnotationConfigContextLoaderUtils -- Could not detect default configuration classes for test class [com.example.configserver.ConfigServerApplicationTests]: ConfigServerApplicationTests does not declare any static, non-private, non-final, nested classes annotated with @Configuration.
21:39:21.338 [main] INFO org.springframework.boot.test.context.SpringBootTestContextBootstrapper -- Found @SpringBootConfiguration com.example.configserver.ConfigServerApplication for test class com.example.configserver.ConfigServerApplicationTests

  .   ____          _            __ _ _
 /\\ / ___'_ __ _ _(_)_ __  __ _ \ \ \ \
( ( )\___ | '_ | '_| | '_ \/ _` | \ \ \ \
 \\/  ___)| |_)| | | | | || (_| |  ) ) ) )
  '  |____| .__|_| |_|_| |_\__, | / / / /
 =========|_|==============|___/=/_/_/_/

 :: Spring Boot ::                (v4.0.2)

2026-04-01T21:39:23.177+01:00  INFO 6312 --- [           main] c.e.c.ConfigServerApplicationTests       : Starting ConfigServerApplicationTests using Java 17.0.18 with PID 6312 (started by khalf in C:\Users\khalf\web-ala\AppWebDistribu-\config-server)
2026-04-01T21:39:23.178+01:00  INFO 6312 --- [           main] c.e.c.ConfigServerApplicationTests       : The following 1 profile is active: "native"
2026-04-01T21:39:24.200+01:00  INFO 6312 --- [           main] o.s.cloud.context.scope.GenericScope     : BeanFactory id=684d6ed8-3c3a-3cde-b051-763b9fdc0c4a
2026-04-01T21:39:26.324+01:00  INFO 6312 --- [           main] o.s.cloud.commons.util.InetUtils         : Cannot determine local hostname
2026-04-01T21:39:26.338+01:00  INFO 6312 --- [           main] DiscoveryClientOptionalArgsConfiguration : Eureka HTTP Client uses RestClient.
2026-04-01T21:39:26.619+01:00  WARN 6312 --- [           main] iguration$LoadBalancerCaffeineWarnLogger : Spring Cloud LoadBalancer is currently working with the default cache. While this cache implementation is useful for development and tests, it's recommended to use Caffeine cache in production.You can switch to using Caffeine cache, by adding it and org.springframework.cache.caffeine.CaffeineCacheManager to the classpath.
2026-04-01T21:39:26.660+01:00  INFO 6312 --- [           main] c.e.c.ConfigServerApplicationTests       : Started ConfigServerApplicationTests in 4.974 seconds (process running for 6.604)
]]></system-out>
  </testcase>
</testsuite>